<?xml version="1.0" encoding="UTF-8" ?>
<testsuite tests="23" failures="0" name="TestSuite" time="23.858" errors="0" skipped="0">
  <properties>
    <property name="java.runtime.name" value="Java(TM) SE Runtime Environment"/>
    <property name="java.vm.version" value="17.0.8+9-LTS-211"/>
    <property name="sun.boot.library.path" value="C:\Program Files\Java\jdk-17\bin"/>
    <property name="maven.multiModuleProjectDirectory" value="C:\Users\zaman\eclipse-workspace\RoboticFunctions"/>
    <property name="java.vm.vendor" value="Oracle Corporation"/>
    <property name="java.vendor.url" value="https://java.oracle.com/"/>
    <property name="guice.disable.misplaced.annotation.check" value="true"/>
    <property name="path.separator" value=";"/>
    <property name="java.vm.name" value="Java HotSpot(TM) 64-Bit Server VM"/>
    <property name="sun.os.patch.level" value=""/>
    <property name="user.script" value=""/>
    <property name="user.country" value="US"/>
    <property name="sun.java.launcher" value="SUN_STANDARD"/>
    <property name="java.vm.specification.name" value="Java Virtual Machine Specification"/>
    <property name="user.dir" value="C:\Users\zaman\eclipse-workspace\RoboticFunctions"/>
    <property name="java.vm.compressedOopsMode" value="32-bit"/>
    <property name="java.runtime.version" value="17.0.8+9-LTS-211"/>
    <property name="os.arch" value="amd64"/>
    <property name="java.io.tmpdir" value="C:\Users\zaman\AppData\Local\Temp\"/>
    <property name="line.separator" value="
"/>
    <property name="java.vm.specification.vendor" value="Oracle Corporation"/>
    <property name="user.variant" value=""/>
    <property name="os.name" value="Windows 11"/>
    <property name="classworlds.conf" value="C:\Program Files\MAVEN\apache-maven-3.8.8\bin\m2.conf"/>
    <property name="sun.jnu.encoding" value="Cp1252"/>
    <property name="java.library.path" value="C:\Program Files\Java\jdk-17\bin;C:\WINDOWS\Sun\Java\bin;C:\WINDOWS\system32;C:\WINDOWS;C:/Users/zaman/.p2/pool/plugins/org.eclipse.justj.openjdk.hotspot.jre.full.win32.x86_64_17.0.8.v20230801-1951/jre/bin/server;C:/Users/zaman/.p2/pool/plugins/org.eclipse.justj.openjdk.hotspot.jre.full.win32.x86_64_17.0.8.v20230801-1951/jre/bin;C:\Ruby32-x64\bin;C:\Program Files\Common Files\Oracle\Java\javapath;C:\Python311\Scripts\;C:\Python311\;C:\WINDOWS\system32;C:\WINDOWS;C:\WINDOWS\System32\Wbem;C:\WINDOWS\System32\WindowsPowerShell\v1.0\;C:\WINDOWS\System32\OpenSSH\;C:\Program Files\nodejs\;C:\ProgramData\chocolatey\bin;C:\Program Files\MySQL\MySQL Server 8.0\bin;C:\Program Files\Git\cmd;C:\Program Files\MAVEN\apache-maven-3.8.8\bin;C:\Program Files\Java\jdk-17\bin;C:\Program Files\MAVEN\allure-2.24.0\bin;C:\Program Files\MAVEN\apache-maven-3.8.8\bin;C:\Users\zaman\AppData\Local\Microsoft\WindowsApps;C:\Users\zaman\AppData\Roaming\npm;C:\Users\zaman\AppData\Local\Programs\Microsoft VS Code\bin;;C:\Users\zaman\OneDrive\Desktop;;."/>
    <property name="maven.conf" value="C:\Program Files\MAVEN\apache-maven-3.8.8/conf"/>
    <property name="jdk.debug" value="release"/>
    <property name="java.class.version" value="61.0"/>
    <property name="java.specification.name" value="Java Platform API Specification"/>
    <property name="sun.management.compiler" value="HotSpot 64-Bit Tiered Compilers"/>
    <property name="os.version" value="10.0"/>
    <property name="library.jansi.path" value="C:\Program Files\MAVEN\apache-maven-3.8.8\lib\jansi-native"/>
    <property name="user.home" value="C:\Users\zaman"/>
    <property name="user.timezone" value="America/New_York"/>
    <property name="file.encoding" value="Cp1252"/>
    <property name="java.specification.version" value="17"/>
    <property name="user.name" value="zaman"/>
    <property name="java.class.path" value="C:\Program Files\MAVEN\apache-maven-3.8.8\boot\plexus-classworlds-2.6.0.jar"/>
    <property name="java.vm.specification.version" value="17"/>
    <property name="sun.arch.data.model" value="64"/>
    <property name="sun.java.command" value="org.codehaus.plexus.classworlds.launcher.Launcher clean install"/>
    <property name="java.home" value="C:\Program Files\Java\jdk-17"/>
    <property name="user.language" value="en"/>
    <property name="java.specification.vendor" value="Oracle Corporation"/>
    <property name="java.vm.info" value="mixed mode, sharing"/>
    <property name="java.version" value="17.0.8"/>
    <property name="native.encoding" value="Cp1252"/>
    <property name="java.vendor" value="Oracle Corporation"/>
    <property name="sun.stderr.encoding" value="cp437"/>
    <property name="maven.home" value="C:\Program Files\MAVEN\apache-maven-3.8.8"/>
    <property name="file.separator" value="\"/>
    <property name="java.version.date" value="2023-07-18"/>
    <property name="java.vendor.url.bug" value="https://bugreport.java.com/bugreport/"/>
    <property name="sun.io.unicode.encoding" value="UnicodeLittle"/>
    <property name="sun.cpu.endian" value="little"/>
    <property name="sun.stdout.encoding" value="cp437"/>
    <property name="sun.cpu.isalist" value="amd64"/>
  </properties>
  <testcase classname="com.Tests.DeshBoardHomeTest" name="pageTitleTest" time="0.019"/>
  <testcase classname="com.Tests.DeshBoardHomeTest" name="salseDataTest" time="3.629"/>
  <testcase classname="com.Tests.DeshBoardHomeTest" name="salseDataTest" time="2.702"/>
  <testcase classname="com.Tests.DeshBoardHomeTest" name="salseDataTest" time="1.5"/>
  <testcase classname="com.Tests.DeshBoardHomeTest" name="salseDataTest" time="1.09"/>
  <testcase classname="com.Tests.DeshBoardHomeTest" name="salseDataTest" time="2.726"/>
  <testcase classname="com.Tests.DeshBoardHomeTest" name="salseDataTest" time="2.101"/>
  <testcase classname="com.Tests.DeshBoardHomeTest" name="salseDataTest" time="1.295"/>
  <testcase classname="com.Tests.DeshBoardHomeTest" name="salseDataTest" time="2.509"/>
  <testcase classname="com.Tests.DeshBoardOrderTest" name="pageTitleTest" time="0.008"/>
  <testcase classname="com.Tests.DeshBoardOrderTest" name="orderManueTest" time="0.036"/>
  <testcase classname="com.Tests.DeshBoardOrderTest" name="heasdSelectionTest" time="0.576"/>
  <testcase classname="com.Tests.DeshBoardOrderTest" name="bodySelectionTest" time="0.138"/>
  <testcase classname="com.Tests.DeshBoardOrderTest" name="legsSelectionTest" time="0.107"/>
  <testcase classname="com.Tests.DeshBoardOrderTest" name="shippingAddress" time="1.864"/>
  <testcase classname="com.Tests.HomePageTest" name="homeButtonTest" time="0.046"/>
  <testcase classname="com.Tests.HomePageTest" name="homePageText" time="0.041"/>
  <testcase classname="com.Tests.HomePageTest" name="loginButtonTest" time="0.049"/>
  <testcase classname="com.Tests.HomePageTest" name="orderButtonTest" time="0.064"/>
  <testcase classname="com.Tests.HomePageTest" name="pageTitleTest" time="0.012"/>
  <testcase classname="com.Tests.LoginPageTest" name="pageTitleTest" time="0.01"/>
  <testcase classname="com.Tests.LoginPageTest" name="loginTest" time="0.289"/>
  <testcase classname="com.Tests.LoginPageTest" name="displayNameTest" time="3.047"/>
</testsuite>