<?xml version="1.0" encoding="UTF-8"?>
<!-- Generated by org.testng.reporters.JUnitReportReporter -->
<testsuite hostname="Khosruz" failures="0" tests="8" name="com.Tests.DeshBoardHomeTest" time="35.043" errors="0" timestamp="2023-09-06T21:25:27 EDT" skipped="0">
  <testcase classname="com.Tests.DeshBoardHomeTest" name="salseDataTest" time="4.410"/>
  <testcase classname="com.Tests.DeshBoardHomeTest" name="salseDataTest" time="4.794"/>
  <testcase classname="com.Tests.DeshBoardHomeTest" name="salseDataTest" time="4.756"/>
  <testcase classname="com.Tests.DeshBoardHomeTest" name="salseDataTest" time="4.100"/>
  <testcase classname="com.Tests.DeshBoardHomeTest" name="salseDataTest" time="5.339"/>
  <testcase classname="com.Tests.DeshBoardHomeTest" name="salseDataTest" time="4.259"/>
  <testcase classname="com.Tests.DeshBoardHomeTest" name="salseDataTest" time="3.252"/>
  <testcase classname="com.Tests.DeshBoardHomeTest" name="salseDataTest" time="4.133"/>
</testsuite> <!-- com.Tests.DeshBoardHomeTest -->
