<?xml version="1.0" encoding="UTF-8"?>
<!-- Generated by org.testng.reporters.JUnitReportReporter -->
<testsuite hostname="Khosruz" failures="0" tests="2" name="com.Tests.DeshBoardOrderTest" time="4.471" errors="0" timestamp="2023-09-08T11:32:03 EDT" skipped="1">
  <testcase classname="com.Tests.DeshBoardOrderTest" name="shippingAddress" time="4.471"/>
  <testcase classname="com.Tests.DeshBoardOrderTest" name="displayReceipt">
    <skipped/>
  </testcase> <!-- displayReceipt -->
</testsuite> <!-- com.Tests.DeshBoardOrderTest -->
