<?xml version="1.0" encoding="UTF-8"?>
<!-- Generated by org.testng.reporters.JUnitReportReporter -->
<testsuite hostname="Khosruz" failures="0" tests="5" name="com.Tests.HomePageTest" time="9.688" errors="0" timestamp="2023-09-06T10:06:56 EDT" skipped="0">
  <testcase classname="com.Tests.HomePageTest" name="homePageText" time="1.797"/>
  <testcase classname="com.Tests.HomePageTest" name="pageTitleTest" time="1.657"/>
  <testcase classname="com.Tests.HomePageTest" name="orderButtonTest" time="1.774"/>
  <testcase classname="com.Tests.HomePageTest" name="loginButtonTest" time="2.626"/>
  <testcase classname="com.Tests.HomePageTest" name="homeButtonTest" time="1.834"/>
</testsuite> <!-- com.Tests.HomePageTest -->
