<?xml version="1.0" encoding="UTF-8"?>
<!-- Generated by org.testng.reporters.JUnitReportReporter -->
<testsuite hostname="Khosruz" failures="0" tests="3" name="com.Tests.LoginPageTest" time="10.027" errors="0" timestamp="2023-09-06T21:27:43 EDT" skipped="0">
  <testcase classname="com.Tests.LoginPageTest" name="pageTitleTest" time="2.306"/>
  <system-out/>
  <testcase classname="com.Tests.LoginPageTest" name="loginTest" time="2.596"/>
  <system-out/>
  <testcase classname="com.Tests.LoginPageTest" name="displayNameTest" time="5.125"/>
  <system-out/>
</testsuite> <!-- com.Tests.LoginPageTest -->
