<?xml version="1.0" encoding="UTF-8"?>
<!-- Generated by org.testng.reporters.JUnitReportReporter -->
<testsuite hostname="Khosruz" failures="0" tests="7" name="com.Tests.DeshBoardOrderTest" time="25.193" errors="0" timestamp="2023-09-10T15:47:50 EDT" skipped="1">
  <testcase classname="com.Tests.DeshBoardOrderTest" name="pageTitleTest" time="2.910"/>
  <system-out/>
  <testcase classname="com.Tests.DeshBoardOrderTest" name="orderManueTest" time="2.781"/>
  <system-out/>
  <testcase classname="com.Tests.DeshBoardOrderTest" name="heasdSelectionTest" time="3.888"/>
  <system-out/>
  <testcase classname="com.Tests.DeshBoardOrderTest" name="bodySelectionTest" time="2.977"/>
  <system-out/>
  <testcase classname="com.Tests.DeshBoardOrderTest" name="legsSelectionTest" time="5.977"/>
  <system-out/>
  <testcase classname="com.Tests.DeshBoardOrderTest" name="shippingAddress" time="6.660"/>
  <system-out/>
  <testcase classname="com.Tests.DeshBoardOrderTest" name="displayReceipt">
    <skipped/>
  </testcase> <!-- displayReceipt -->
  <system-out/>
</testsuite> <!-- com.Tests.DeshBoardOrderTest -->
