<?xml version="1.0" encoding="UTF-8"?>
<!-- Generated by org.testng.reporters.JUnitReportReporter -->
<testsuite hostname="Khosruz" failures="0" tests="9" name="com.Tests.DeshBoardHomeTest" time="35.940" errors="0" timestamp="2023-09-06T21:27:43 EDT" skipped="0">
  <testcase classname="com.Tests.DeshBoardHomeTest" name="pageTitleTest" time="1.992"/>
  <system-out/>
  <testcase classname="com.Tests.DeshBoardHomeTest" name="salseDataTest" time="5.023"/>
  <system-out/>
  <testcase classname="com.Tests.DeshBoardHomeTest" name="salseDataTest" time="3.906"/>
  <system-out/>
  <testcase classname="com.Tests.DeshBoardHomeTest" name="salseDataTest" time="3.846"/>
  <system-out/>
  <testcase classname="com.Tests.DeshBoardHomeTest" name="salseDataTest" time="3.205"/>
  <system-out/>
  <testcase classname="com.Tests.DeshBoardHomeTest" name="salseDataTest" time="4.985"/>
  <system-out/>
  <testcase classname="com.Tests.DeshBoardHomeTest" name="salseDataTest" time="5.544"/>
  <system-out/>
  <testcase classname="com.Tests.DeshBoardHomeTest" name="salseDataTest" time="4.270"/>
  <system-out/>
  <testcase classname="com.Tests.DeshBoardHomeTest" name="salseDataTest" time="3.169"/>
  <system-out/>
</testsuite> <!-- com.Tests.DeshBoardHomeTest -->
