<?xml version="1.0" encoding="UTF-8"?>
<!-- Generated by org.testng.reporters.JUnitReportReporter -->
<testsuite hostname="Khosruz" failures="0" tests="7" name="com.Tests.DeshBoardOrderTest" time="19.137" errors="0" timestamp="2023-09-06T21:27:43 EDT" skipped="1">
  <testcase classname="com.Tests.DeshBoardOrderTest" name="pageTitleTest" time="2.455"/>
  <system-out/>
  <testcase classname="com.Tests.DeshBoardOrderTest" name="orderManueTest" time="2.533"/>
  <system-out/>
  <testcase classname="com.Tests.DeshBoardOrderTest" name="heasdSelectionTest" time="3.129"/>
  <system-out/>
  <testcase classname="com.Tests.DeshBoardOrderTest" name="bodySelectionTest" time="2.672"/>
  <system-out/>
  <testcase classname="com.Tests.DeshBoardOrderTest" name="legsSelectionTest" time="2.878"/>
  <system-out/>
  <testcase classname="com.Tests.DeshBoardOrderTest" name="shippingAddress" time="5.470"/>
  <system-out/>
  <testcase classname="com.Tests.DeshBoardOrderTest" name="displayReceipt">
    <skipped/>
  </testcase> <!-- displayReceipt -->
  <system-out/>
</testsuite> <!-- com.Tests.DeshBoardOrderTest -->
