<?xml version="1.0" encoding="UTF-8"?>
<!-- Generated by org.testng.reporters.JUnitReportReporter -->
<testsuite hostname="Khosruz" failures="0" tests="5" name="com.Tests.HomePageTest" time="11.033" errors="0" timestamp="2023-09-06T21:27:43 EDT" skipped="0">
  <testcase classname="com.Tests.HomePageTest" name="homePageText" time="2.134"/>
  <system-out/>
  <testcase classname="com.Tests.HomePageTest" name="homeButtonTest" time="2.146"/>
  <system-out/>
  <testcase classname="com.Tests.HomePageTest" name="pageTitleTest" time="2.284"/>
  <system-out/>
  <testcase classname="com.Tests.HomePageTest" name="loginButtonTest" time="2.229"/>
  <system-out/>
  <testcase classname="com.Tests.HomePageTest" name="orderButtonTest" time="2.240"/>
  <system-out/>
</testsuite> <!-- com.Tests.HomePageTest -->
