<?xml version="1.0" encoding="UTF-8"?>
<!-- Generated by org.testng.reporters.JUnitReportReporter -->
<testsuite hostname="Khosruz" failures="0" tests="9" name="com.Tests.DeshBoardHomeTest" time="41.756" errors="0" timestamp="2023-09-10T15:47:50 EDT" skipped="0">
  <testcase classname="com.Tests.DeshBoardHomeTest" name="pageTitleTest" time="2.208"/>
  <system-out/>
  <testcase classname="com.Tests.DeshBoardHomeTest" name="salseDataTest" time="4.792"/>
  <system-out/>
  <testcase classname="com.Tests.DeshBoardHomeTest" name="salseDataTest" time="4.760"/>
  <system-out/>
  <testcase classname="com.Tests.DeshBoardHomeTest" name="salseDataTest" time="3.781"/>
  <system-out/>
  <testcase classname="com.Tests.DeshBoardHomeTest" name="salseDataTest" time="3.587"/>
  <system-out/>
  <testcase classname="com.Tests.DeshBoardHomeTest" name="salseDataTest" time="3.920"/>
  <system-out/>
  <testcase classname="com.Tests.DeshBoardHomeTest" name="salseDataTest" time="7.843"/>
  <system-out/>
  <testcase classname="com.Tests.DeshBoardHomeTest" name="salseDataTest" time="4.074"/>
  <system-out/>
  <testcase classname="com.Tests.DeshBoardHomeTest" name="salseDataTest" time="6.791"/>
  <system-out/>
</testsuite> <!-- com.Tests.DeshBoardHomeTest -->
