<?xml version="1.0" encoding="UTF-8"?>
<!-- Generated by org.testng.reporters.JUnitReportReporter -->
<testsuite hostname="Khosruz" failures="0" tests="3" name="com.Tests.LoginPageTest" time="10.768" errors="0" timestamp="2023-09-10T15:47:50 EDT" skipped="0">
  <testcase classname="com.Tests.LoginPageTest" name="pageTitleTest" time="2.650"/>
  <system-out/>
  <testcase classname="com.Tests.LoginPageTest" name="loginTest" time="3.244"/>
  <system-out/>
  <testcase classname="com.Tests.LoginPageTest" name="displayNameTest" time="4.874"/>
  <system-out/>
</testsuite> <!-- com.Tests.LoginPageTest -->
