<?xml version="1.0" encoding="UTF-8"?>
<!-- Generated by org.testng.reporters.JUnitReportReporter -->
<testsuite hostname="Khosruz" failures="0" tests="5" name="com.Tests.HomePageTest" time="30.225" errors="0" timestamp="2023-09-10T15:47:50 EDT" skipped="0">
  <testcase classname="com.Tests.HomePageTest" name="orderButtonTest" time="2.952"/>
  <system-out/>
  <testcase classname="com.Tests.HomePageTest" name="homeButtonTest" time="3.530"/>
  <system-out/>
  <testcase classname="com.Tests.HomePageTest" name="pageTitleTest" time="17.919"/>
  <system-out/>
  <testcase classname="com.Tests.HomePageTest" name="loginButtonTest" time="2.516"/>
  <system-out/>
  <testcase classname="com.Tests.HomePageTest" name="homePageText" time="3.308"/>
  <system-out/>
</testsuite> <!-- com.Tests.HomePageTest -->
